Using pre-set license
Built from '2020.2/release' branch; Version is '2020.2.4f1 (becced5a802b) revision 12504301'; Using compiler version '192528614'; Build Type 'Release'
OS: 'Windows 10 Pro; OS build 19041.867; Version 2004; 64bit' Language: 'it' Physical Memory: 8156 MB
BatchMode: 1, IsHumanControllingUs: 0, StartBugReporterOnCrash: 0, Is64bit: 1, IsPro: 0

 COMMAND LINE ARGUMENTS:
E:\Unity Editor\2020.2.4f1\Editor\Unity.exe
-adb2
-batchMode
-noUpm
-name
AssetImportWorker0
-projectPath
E:/UnityProjects/3D/Chess 3D
-logFile
Logs/AssetImportWorker0.log
-srvPort
53778
Successfully changed project path to: E:/UnityProjects/3D/Chess 3D
E:/UnityProjects/3D/Chess 3D
Using Asset Import Pipeline V2.
Refreshing native plugins compatible for Editor in 22.07 ms, found 0 plugins.
Preloading 0 native plugins for Editor in 0.00 ms.
Initialize engine version: 2020.2.4f1 (becced5a802b)
[Subsystems] Discovering subsystems at path E:/Unity Editor/2020.2.4f1/Editor/Data/Resources/UnitySubsystems
[Subsystems] Discovering subsystems at path E:/UnityProjects/3D/Chess 3D/Assets
GfxDevice: creating device client; threaded=0
Direct3D:
    Version:  Direct3D 11.0 [level 11.1]
    Renderer: NVIDIA GeForce GTX 1660 Ti (ID=0x2182)
    Vendor:   
    VRAM:     5991 MB
    Driver:   27.21.14.5671
Initialize mono
Mono path[0] = 'E:/Unity Editor/2020.2.4f1/Editor/Data/Managed'
Mono path[1] = 'E:/Unity Editor/2020.2.4f1/Editor/Data/MonoBleedingEdge/lib/mono/unityjit'
Mono config path = 'E:/Unity Editor/2020.2.4f1/Editor/Data/MonoBleedingEdge/etc'
Using monoOptions --debugger-agent=transport=dt_socket,embedding=1,server=y,suspend=n,address=127.0.0.1:56932
Begin MonoManager ReloadAssembly
Registering precompiled unity dll's ...
Register platform support module: E:/Unity Editor/2020.2.4f1/Editor/Data/PlaybackEngines/WindowsStandaloneSupport/UnityEditor.WindowsStandalone.Extensions.dll
Registered in 0.001174 seconds.
Native extension for WindowsStandalone target not found
Refreshing native plugins compatible for Editor in 22.42 ms, found 0 plugins.
Preloading 0 native plugins for Editor in 0.00 ms.
Invoked RoslynAnalysisRunner static constructor.
RoslynAnalysisRunner will not be running.
RoslynAnalysisRunner has terminated.
Mono: successfully reloaded assembly
- Completed reload, in  2.210 seconds
Platform modules already initialized, skipping
Registering precompiled user dll's ...
Registered in 0.000872 seconds.
Begin MonoManager ReloadAssembly
Native extension for WindowsStandalone target not found
Refreshing native plugins compatible for Editor in 0.20 ms, found 0 plugins.
Preloading 0 native plugins for Editor in 0.00 ms.
Invoked RoslynAnalysisRunner static constructor.
RoslynAnalysisRunner will not be running.
RoslynAnalysisRunner has terminated.
Mono: successfully reloaded assembly
- Completed reload, in  0.877 seconds
Platform modules already initialized, skipping
========================================================================
Worker process is ready to serve import requests
Launched and connected shader compiler UnityShaderCompiler.exe after 0.05 seconds
Refreshing native plugins compatible for Editor in 0.22 ms, found 0 plugins.
Preloading 0 native plugins for Editor in 0.00 ms.
Unloading 1122 Unused Serialized files (Serialized files now loaded: 0)
System memory in use before: 57.4 MB.
System memory in use after: 57.4 MB.

Unloading 10 unused Assets to reduce memory usage. Loaded Objects now: 1564.
Total: 3.152400 ms (FindLiveObjects: 1.422500 ms CreateObjectMapping: 0.185100 ms MarkObjects: 1.435400 ms  DeleteObjects: 0.108200 ms)

========================================================================
Received Import Request.
  path: Assets/Free Low Poly Chess Set
  artifactKey: Guid(0e3a7da62d7a4c64792f5941830c2dd4) Importer(815301076,1909f56bfc062723c751e8b465ee728b)
Start importing Assets/Free Low Poly Chess Set using Guid(0e3a7da62d7a4c64792f5941830c2dd4) Importer(815301076,1909f56bfc062723c751e8b465ee728b)  -> (artifact id: '43408f776d4132da1e4b6400b5eb7a0f') in 0.008353 seconds
  Import took 0.011272 seconds .

========================================================================
Received Import Request.
  Time since last request: 0.000223 seconds.
  path: Assets/Free Low Poly Chess Set/README.txt
  artifactKey: Guid(fb56268ea81c3c54bac9e04a680d5272) Importer(815301076,1909f56bfc062723c751e8b465ee728b)
Start importing Assets/Free Low Poly Chess Set/README.txt using Guid(fb56268ea81c3c54bac9e04a680d5272) Importer(815301076,1909f56bfc062723c751e8b465ee728b)  -> (artifact id: 'df5548f6b18f075d47643bed3da4641d') in 0.053077 seconds
  Import took 0.056103 seconds .

========================================================================
Received Import Request.
  Time since last request: 0.592870 seconds.
  path: Assets/Free Low Poly Chess Set/Rook
  artifactKey: Guid(3cdeccfb753e75f42b12a63e482438f2) Importer(815301076,1909f56bfc062723c751e8b465ee728b)
Start importing Assets/Free Low Poly Chess Set/Rook using Guid(3cdeccfb753e75f42b12a63e482438f2) Importer(815301076,1909f56bfc062723c751e8b465ee728b)  -> (artifact id: '1c8d28c2011eef4c7476a99cbc9d3a1c') in 0.009003 seconds
  Import took 0.012429 seconds .

========================================================================
Received Import Request.
  Time since last request: 0.000770 seconds.
  path: Assets/Free Low Poly Chess Set/Rook
  artifactKey: Guid(3cdeccfb753e75f42b12a63e482438f2) Importer(815301076,1909f56bfc062723c751e8b465ee728b)
Start importing Assets/Free Low Poly Chess Set/Rook using Guid(3cdeccfb753e75f42b12a63e482438f2) Importer(815301076,1909f56bfc062723c751e8b465ee728b)  -> (artifact id: '1c8d28c2011eef4c7476a99cbc9d3a1c') in 0.004154 seconds
  Import took 0.006387 seconds .

========================================================================
Received Import Request.
  Time since last request: 0.972754 seconds.
  path: Assets/Free Low Poly Chess Set/Rook/Texture
  artifactKey: Guid(a3cc962e5faea4e498c98015b80de11c) Importer(815301076,1909f56bfc062723c751e8b465ee728b)
Start importing Assets/Free Low Poly Chess Set/Rook/Texture using Guid(a3cc962e5faea4e498c98015b80de11c) Importer(815301076,1909f56bfc062723c751e8b465ee728b)  -> (artifact id: '2c60988c5e551a5ae9c987300a5209e8') in 0.009544 seconds
  Import took 0.012565 seconds .

========================================================================
Received Import Request.
  Time since last request: 0.490458 seconds.
  path: Assets/Free Low Poly Chess Set/Rook/Prefabs
  artifactKey: Guid(46accbd44a5e1d64c914dc304e1e8a1a) Importer(815301076,1909f56bfc062723c751e8b465ee728b)
Start importing Assets/Free Low Poly Chess Set/Rook/Prefabs using Guid(46accbd44a5e1d64c914dc304e1e8a1a) Importer(815301076,1909f56bfc062723c751e8b465ee728b)  -> (artifact id: '5a9976ee6f0d0ae921c8ba916080b1a8') in 0.009051 seconds
  Import took 0.012544 seconds .

========================================================================
Received Import Request.
  Time since last request: 0.000530 seconds.
  path: Assets/Free Low Poly Chess Set/Rook/Prefabs
  artifactKey: Guid(46accbd44a5e1d64c914dc304e1e8a1a) Importer(815301076,1909f56bfc062723c751e8b465ee728b)
Start importing Assets/Free Low Poly Chess Set/Rook/Prefabs using Guid(46accbd44a5e1d64c914dc304e1e8a1a) Importer(815301076,1909f56bfc062723c751e8b465ee728b)  -> (artifact id: '5a9976ee6f0d0ae921c8ba916080b1a8') in 0.003024 seconds
  Import took 0.005778 seconds .

========================================================================
Received Import Request.
  Time since last request: 1.559197 seconds.
  path: Assets/Free Low Poly Chess Set/Rook/Texture/RookDiffuse.png
  artifactKey: Guid(3b73cd4953b86d748bc5ed5f1ce51f68) Importer(815301076,1909f56bfc062723c751e8b465ee728b)
Start importing Assets/Free Low Poly Chess Set/Rook/Texture/RookDiffuse.png using Guid(3b73cd4953b86d748bc5ed5f1ce51f68) Importer(815301076,1909f56bfc062723c751e8b465ee728b)  -> (artifact id: '8367c4c0b1ab661a2b7d24814fcde877') in 0.099835 seconds
  Import took 0.102488 seconds .

========================================================================
Received Import Request.
  Time since last request: 8.047112 seconds.
  path: Assets/Free Low Poly Chess Set/Rook/Mesh
  artifactKey: Guid(eac051957fd44084a8ef66c0838779b7) Importer(815301076,1909f56bfc062723c751e8b465ee728b)
Start importing Assets/Free Low Poly Chess Set/Rook/Mesh using Guid(eac051957fd44084a8ef66c0838779b7) Importer(815301076,1909f56bfc062723c751e8b465ee728b)  -> (artifact id: 'e0c550d2f42beba2521ad4be2cb237ad') in 0.010027 seconds
  Import took 0.012590 seconds .

========================================================================
Received Import Request.
  Time since last request: 0.061744 seconds.
  path: Assets/Free Low Poly Chess Set/Rook/Mesh/rook.fbx
  artifactKey: Guid(4c7fefe9f4d55e44398c01a6266ef093) Importer(815301076,1909f56bfc062723c751e8b465ee728b)
Start importing Assets/Free Low Poly Chess Set/Rook/Mesh/rook.fbx using Guid(4c7fefe9f4d55e44398c01a6266ef093) Importer(815301076,1909f56bfc062723c751e8b465ee728b)  -> (artifact id: '53afab254cdb83ccb727865db01dbff5') in 0.117068 seconds
  Import took 0.120046 seconds .

========================================================================
Received Import Request.
  Time since last request: 1.637161 seconds.
  path: Assets/Free Low Poly Chess Set/Rook/Materials
  artifactKey: Guid(7fa8ccd1581357b458e28c4dcb6ee7ee) Importer(815301076,1909f56bfc062723c751e8b465ee728b)
Start importing Assets/Free Low Poly Chess Set/Rook/Materials using Guid(7fa8ccd1581357b458e28c4dcb6ee7ee) Importer(815301076,1909f56bfc062723c751e8b465ee728b)  -> (artifact id: '9bd66d237139fede87f8d1db717f7e01') in 0.009376 seconds
  Import took 0.012840 seconds .

========================================================================
Received Prepare
Registering precompiled user dll's ...
Registered in 0.000608 seconds.
Begin MonoManager ReloadAssembly
Native extension for WindowsStandalone target not found
Refreshing native plugins compatible for Editor in 0.20 ms, found 0 plugins.
Preloading 0 native plugins for Editor in 0.00 ms.
Invoked RoslynAnalysisRunner static constructor.
RoslynAnalysisRunner will not be running.
RoslynAnalysisRunner has terminated.
Mono: successfully reloaded assembly
- Completed reload, in  0.746 seconds
Platform modules already initialized, skipping
Refreshing native plugins compatible for Editor in 0.21 ms, found 0 plugins.
Preloading 0 native plugins for Editor in 0.00 ms.
Unloading 1116 Unused Serialized files (Serialized files now loaded: 0)
System memory in use before: 60.7 MB.
System memory in use after: 60.8 MB.

Unloading 6 unused Assets to reduce memory usage. Loaded Objects now: 1576.
Total: 2.473500 ms (FindLiveObjects: 0.201200 ms CreateObjectMapping: 0.064500 ms MarkObjects: 2.145300 ms  DeleteObjects: 0.060500 ms)

========================================================================
Received Prepare
Registering precompiled user dll's ...
Registered in 0.000634 seconds.
Begin MonoManager ReloadAssembly
Native extension for WindowsStandalone target not found
Refreshing native plugins compatible for Editor in 0.39 ms, found 0 plugins.
Preloading 0 native plugins for Editor in 0.00 ms.
Invoked RoslynAnalysisRunner static constructor.
RoslynAnalysisRunner will not be running.
RoslynAnalysisRunner has terminated.
Mono: successfully reloaded assembly
- Completed reload, in  0.774 seconds
Platform modules already initialized, skipping
Refreshing native plugins compatible for Editor in 0.19 ms, found 0 plugins.
Preloading 0 native plugins for Editor in 0.00 ms.
Unloading 1116 Unused Serialized files (Serialized files now loaded: 0)
System memory in use before: 60.7 MB.
System memory in use after: 60.8 MB.

Unloading 5 unused Assets to reduce memory usage. Loaded Objects now: 1578.
Total: 1.647500 ms (FindLiveObjects: 0.149900 ms CreateObjectMapping: 0.041000 ms MarkObjects: 1.372200 ms  DeleteObjects: 0.083500 ms)

========================================================================
Received Import Request.
  Time since last request: 106.045956 seconds.
  path: Assets/Free Low Poly Chess Set/Board/Texture
  artifactKey: Guid(e220328c6283b524ea3b82593d6630d4) Importer(815301076,1909f56bfc062723c751e8b465ee728b)
Start importing Assets/Free Low Poly Chess Set/Board/Texture using Guid(e220328c6283b524ea3b82593d6630d4) Importer(815301076,1909f56bfc062723c751e8b465ee728b)  -> (artifact id: 'ab70fcc3b92603e4e2174e874902ced5') in 0.007319 seconds
  Import took 0.010221 seconds .

========================================================================
Received Import Request.
  Time since last request: 1.427864 seconds.
  path: Assets/Free Low Poly Chess Set/Board/Mesh
  artifactKey: Guid(26ffc5234ae753a4cade4bafde94a1c2) Importer(815301076,1909f56bfc062723c751e8b465ee728b)
Start importing Assets/Free Low Poly Chess Set/Board/Mesh using Guid(26ffc5234ae753a4cade4bafde94a1c2) Importer(815301076,1909f56bfc062723c751e8b465ee728b)  -> (artifact id: '8e05170bd77045c5383da2272a42a8dc') in 0.008819 seconds
  Import took 0.012300 seconds .

========================================================================
Received Import Request.
  Time since last request: 20.025276 seconds.
  path: Packages/com.unity.ext.nunit
  artifactKey: Guid(25a477c2f24db8778a4179421a32cc21) Importer(815301076,1909f56bfc062723c751e8b465ee728b)
Start importing Packages/com.unity.ext.nunit using Guid(25a477c2f24db8778a4179421a32cc21) Importer(815301076,1909f56bfc062723c751e8b465ee728b)  -> (artifact id: '144e6187aee63fe2f685ec8e314026b0') in 0.008964 seconds
  Import took 0.012322 seconds .

AssetImportWorkerClient::OnTransportError - code=2 error=End of file
